[11/11/2021 23:19:56.503 train.py: 64] Trading Object:           ^GSPC_2010-2015
[11/11/2021 23:19:56.504 train.py: 65] Trading Period:           1509 days
[11/11/2021 23:19:56.504 train.py: 66] Window Size:              10 days
[11/11/2021 23:19:56.504 train.py: 67] Training Episode:         10
[11/11/2021 23:19:56.504 train.py: 68] Model Name:               DQN
[11/11/2021 23:19:56.505 train.py: 69] Initial Portfolio Value: $50,000
[11/11/2021 23:19:56.505 train.py: 73] 
Episode: 1/10
[11/11/2021 23:19:56.881 train.py: 94] Step: 1	Hold signal: 0.7543 	Buy signal: 0.2076 	Sell signal: 0.03816
[11/11/2021 23:19:56.881 train.py: 95] 		'Sell' is an exploration.
[11/11/2021 23:19:56.938 train.py: 94] Step: 2	Hold signal: 0.7481 	Buy signal: 0.2117 	Sell signal: 0.0402
[11/11/2021 23:19:56.990 train.py: 94] Step: 3	Hold signal: 0.7539 	Buy signal: 0.2111 	Sell signal: 0.03503
[11/11/2021 23:19:57.039 train.py: 94] Step: 4	Hold signal: 0.7484 	Buy signal: 0.2104 	Sell signal: 0.04124
[11/11/2021 23:19:57.085 train.py: 94] Step: 5	Hold signal: 0.7504 	Buy signal: 0.215 	Sell signal: 0.03463
[11/11/2021 23:19:57.086 train.py: 95] 		'Buy' is an exploration.
[11/11/2021 23:19:57.086 train.py:110] Buy: $1146.98
[11/11/2021 23:19:57.133 train.py: 94] Step: 6	Hold signal: 0.7574 	Buy signal: 0.209 	Sell signal: 0.03366
[11/11/2021 23:19:57.133 train.py: 95] 		'Buy' is an exploration.
[11/11/2021 23:19:57.133 train.py:110] Buy: $1136.22
[11/11/2021 23:19:57.181 train.py: 94] Step: 7	Hold signal: 0.2437 	Buy signal: 0.7356 	Sell signal: 0.02074
[11/11/2021 23:19:57.182 train.py:110] Buy: $1145.68
[11/11/2021 23:19:57.228 train.py: 94] Step: 8	Hold signal: 0.206 	Buy signal: 0.7699 	Sell signal: 0.02406
[11/11/2021 23:19:57.228 train.py: 95] 		'Sell' is an exploration.
[11/11/2021 23:19:57.228 train.py:110] Sell: $1148.46 | Profit: $1.48
[11/11/2021 23:19:57.277 train.py: 94] Step: 9	Hold signal: 0.1714 	Buy signal: 0.8168 	Sell signal: 0.01178
[11/11/2021 23:19:57.277 train.py: 95] 		'Hold' is an exploration.
[11/11/2021 23:19:57.326 train.py: 94] Step: 10	Hold signal: 0.1621 	Buy signal: 0.8215 	Sell signal: 0.01638
[11/11/2021 23:19:57.326 train.py: 95] 		'Hold' is an exploration.
[11/11/2021 23:19:57.376 train.py: 94] Step: 11	Hold signal: 0.1791 	Buy signal: 0.8011 	Sell signal: 0.01975
[11/11/2021 23:19:57.376 train.py: 95] 		'Sell' is an exploration.
[11/11/2021 23:19:57.376 train.py:110] Sell: $1138.04 | Profit: $1.82
[11/11/2021 23:19:57.430 train.py: 94] Step: 12	Hold signal: 0.1816 	Buy signal: 0.8049 	Sell signal: 0.01352
[11/11/2021 23:19:57.431 train.py: 95] 		'Sell' is an exploration.
[11/11/2021 23:19:57.431 train.py:110] Sell: $1116.48 | Profit: $-29.20
[11/11/2021 23:19:57.483 train.py: 94] Step: 13	Hold signal: 0.1859 	Buy signal: 0.793 	Sell signal: 0.02111
[11/11/2021 23:19:57.483 train.py: 95] 		'Hold' is an exploration.
[11/11/2021 23:19:57.567 train.py: 94] Step: 14	Hold signal: 0.7415 	Buy signal: 0.217 	Sell signal: 0.04154
[11/11/2021 23:19:57.614 train.py: 94] Step: 15	Hold signal: 0.7534 	Buy signal: 0.2166 	Sell signal: 0.02997
[11/11/2021 23:19:57.662 train.py: 94] Step: 16	Hold signal: 0.729 	Buy signal: 0.2378 	Sell signal: 0.03317
[11/11/2021 23:19:57.662 train.py: 95] 		'Sell' is an exploration.
[11/11/2021 23:19:57.709 train.py: 94] Step: 17	Hold signal: 0.7409 	Buy signal: 0.1994 	Sell signal: 0.0597
[11/11/2021 23:19:57.756 train.py: 94] Step: 18	Hold signal: 0.7638 	Buy signal: 0.2098 	Sell signal: 0.02636
[11/11/2021 23:19:57.802 train.py: 94] Step: 19	Hold signal: 0.764 	Buy signal: 0.1853 	Sell signal: 0.05077
[11/11/2021 23:19:57.802 train.py: 95] 		'Buy' is an exploration.
[11/11/2021 23:19:57.803 train.py:110] Buy: $1089.19
[11/11/2021 23:19:57.857 train.py: 94] Step: 20	Hold signal: 0.738 	Buy signal: 0.2155 	Sell signal: 0.04655
[11/11/2021 23:19:57.905 train.py: 94] Step: 21	Hold signal: 0.2568 	Buy signal: 0.7059 	Sell signal: 0.03733
[11/11/2021 23:19:57.905 train.py: 95] 		'Hold' is an exploration.
[11/11/2021 23:19:57.951 train.py: 94] Step: 22	Hold signal: 0.2036 	Buy signal: 0.7745 	Sell signal: 0.02182
[11/11/2021 23:19:57.951 train.py: 95] 		'Sell' is an exploration.
[11/11/2021 23:19:57.951 train.py:110] Sell: $1063.11 | Profit: $-26.08
[11/11/2021 23:19:57.997 train.py: 94] Step: 23	Hold signal: 0.2289 	Buy signal: 0.733 	Sell signal: 0.03814
[11/11/2021 23:19:57.997 train.py:110] Buy: $1066.19
[11/11/2021 23:19:58.050 train.py: 94] Step: 24	Hold signal: 0.7595 	Buy signal: 0.2155 	Sell signal: 0.02503
[11/11/2021 23:19:58.097 train.py: 94] Step: 25	Hold signal: 0.2235 	Buy signal: 0.757 	Sell signal: 0.01945
[11/11/2021 23:19:58.098 train.py:110] Buy: $1070.52
[11/11/2021 23:19:58.143 train.py: 94] Step: 26	Hold signal: 0.2173 	Buy signal: 0.7405 	Sell signal: 0.04215
[11/11/2021 23:19:58.144 train.py: 95] 		'Sell' is an exploration.
[11/11/2021 23:19:58.144 train.py:110] Sell: $1068.13 | Profit: $1.94
[11/11/2021 23:19:58.190 train.py: 94] Step: 27	Hold signal: 0.2115 	Buy signal: 0.7669 	Sell signal: 0.02154
[11/11/2021 23:19:58.190 train.py: 95] 		'Hold' is an exploration.
[11/11/2021 23:19:58.243 train.py: 94] Step: 28	Hold signal: 0.1834 	Buy signal: 0.7913 	Sell signal: 0.02531
[11/11/2021 23:19:58.243 train.py: 95] 		'Sell' is an exploration.
[11/11/2021 23:19:58.243 train.py:110] Sell: $1075.51 | Profit: $4.99
[11/11/2021 23:19:58.288 train.py: 94] Step: 29	Hold signal: 0.2251 	Buy signal: 0.753 	Sell signal: 0.02191
[11/11/2021 23:19:58.288 train.py: 95] 		'Sell' is an exploration.
[11/11/2021 23:19:58.333 train.py: 94] Step: 30	Hold signal: 0.7584 	Buy signal: 0.2007 	Sell signal: 0.0408
[11/11/2021 23:19:58.378 train.py: 94] Step: 31	Hold signal: 0.74 	Buy signal: 0.2265 	Sell signal: 0.03358
[11/11/2021 23:19:58.379 train.py: 95] 		'Buy' is an exploration.
[11/11/2021 23:19:58.379 train.py:110] Buy: $1106.75
[11/11/2021 23:19:58.423 train.py: 94] Step: 32	Hold signal: 0.7518 	Buy signal: 0.2056 	Sell signal: 0.04259
[11/11/2021 23:19:58.468 train.py: 94] Step: 33	Hold signal: 0.2142 	Buy signal: 0.7636 	Sell signal: 0.02214
[11/11/2021 23:19:58.468 train.py: 95] 		'Hold' is an exploration.
[11/11/2021 23:19:58.514 train.py: 94] Step: 34	Hold signal: 0.2589 	Buy signal: 0.7115 	Sell signal: 0.02966
[11/11/2021 23:19:58.514 train.py: 95] 		'Sell' is an exploration.
[11/11/2021 23:19:58.514 train.py:110] Sell: $1094.60 | Profit: $-12.15
[11/11/2021 23:19:58.563 train.py: 94] Step: 35	Hold signal: 0.2442 	Buy signal: 0.7377 	Sell signal: 0.01804
[11/11/2021 23:19:58.563 train.py: 95] 		'Sell' is an exploration.
[11/11/2021 23:19:58.617 train.py: 94] Step: 36	Hold signal: 0.7341 	Buy signal: 0.2211 	Sell signal: 0.04479
[11/11/2021 23:19:58.617 train.py: 95] 		'Buy' is an exploration.
[11/11/2021 23:19:58.617 train.py:110] Buy: $1102.94
[11/11/2021 23:19:58.662 train.py: 94] Step: 37	Hold signal: 0.7578 	Buy signal: 0.2206 	Sell signal: 0.02161
[11/11/2021 23:19:58.662 train.py: 95] 		'Buy' is an exploration.
[11/11/2021 23:19:58.662 train.py:110] Buy: $1104.49
[11/11/2021 23:19:58.708 train.py: 94] Step: 38	Hold signal: 0.1807 	Buy signal: 0.7938 	Sell signal: 0.02548
[11/11/2021 23:19:58.709 train.py: 95] 		'Hold' is an exploration.
[11/11/2021 23:19:58.754 train.py: 94] Step: 39	Hold signal: 0.1709 	Buy signal: 0.81 	Sell signal: 0.01909
[11/11/2021 23:19:58.754 train.py: 95] 		'Sell' is an exploration.
[11/11/2021 23:19:58.754 train.py:110] Sell: $1118.31 | Profit: $15.37
[11/11/2021 23:19:58.799 train.py: 94] Step: 40	Hold signal: 0.1629 	Buy signal: 0.8208 	Sell signal: 0.01636
[11/11/2021 23:19:58.799 train.py:110] Buy: $1118.79
[11/11/2021 23:19:58.845 train.py: 94] Step: 41	Hold signal: 0.1904 	Buy signal: 0.7868 	Sell signal: 0.02283
[11/11/2021 23:19:58.846 train.py: 95] 		'Sell' is an exploration.
[11/11/2021 23:19:58.846 train.py:110] Sell: $1122.97 | Profit: $18.48
[11/11/2021 23:19:58.894 train.py: 94] Step: 42	Hold signal: 0.2145 	Buy signal: 0.7562 	Sell signal: 0.02926
[11/11/2021 23:19:58.894 train.py: 95] 		'Sell' is an exploration.
[11/11/2021 23:19:58.895 train.py:110] Sell: $1138.70 | Profit: $19.91
[11/11/2021 23:19:58.941 train.py: 94] Step: 43	Hold signal: 0.2563 	Buy signal: 0.7235 	Sell signal: 0.02017
[11/11/2021 23:19:58.941 train.py:110] Buy: $1138.50
[11/11/2021 23:19:58.994 train.py: 94] Step: 44	Hold signal: 0.7469 	Buy signal: 0.215 	Sell signal: 0.0381
[11/11/2021 23:19:58.994 train.py: 95] 		'Buy' is an exploration.
[11/11/2021 23:19:58.994 train.py:110] Buy: $1140.45
[11/11/2021 23:19:59.040 train.py: 94] Step: 45	Hold signal: 0.2436 	Buy signal: 0.729 	Sell signal: 0.02735
[11/11/2021 23:19:59.040 train.py:110] Buy: $1145.61
[11/11/2021 23:19:59.086 train.py: 94] Step: 46	Hold signal: 0.1962 	Buy signal: 0.7877 	Sell signal: 0.01611
[11/11/2021 23:19:59.086 train.py:110] Buy: $1150.24
[11/11/2021 23:19:59.132 train.py: 94] Step: 47	Hold signal: 0.15 	Buy signal: 0.8381 	Sell signal: 0.01187
[11/11/2021 23:19:59.132 train.py: 95] 		'Hold' is an exploration.
[11/11/2021 23:19:59.179 train.py: 94] Step: 48	Hold signal: 0.1456 	Buy signal: 0.8435 	Sell signal: 0.01085
[11/11/2021 23:19:59.180 train.py:110] Buy: $1150.51
[11/11/2021 23:19:59.226 train.py: 94] Step: 49	Hold signal: 0.1638 	Buy signal: 0.8224 	Sell signal: 0.01376
[11/11/2021 23:19:59.226 train.py: 95] 		'Hold' is an exploration.
[11/11/2021 23:19:59.283 train.py: 94] Step: 50	Hold signal: 0.1369 	Buy signal: 0.8544 	Sell signal: 0.008728
[11/11/2021 23:19:59.283 train.py: 95] 		'Hold' is an exploration.
[11/11/2021 23:19:59.329 train.py: 94] Step: 51	Hold signal: 0.1385 	Buy signal: 0.8517 	Sell signal: 0.009835
[11/11/2021 23:19:59.330 train.py:110] Buy: $1165.83
[11/11/2021 23:19:59.393 train.py: 94] Step: 52	Hold signal: 0.143 	Buy signal: 0.8474 	Sell signal: 0.009606
[11/11/2021 23:19:59.393 train.py:110] Buy: $1159.90
[11/11/2021 23:19:59.438 train.py: 94] Step: 53	Hold signal: 0.1431 	Buy signal: 0.8466 	Sell signal: 0.01032
[11/11/2021 23:19:59.439 train.py:110] Buy: $1165.81
[11/11/2021 23:19:59.485 train.py: 94] Step: 54	Hold signal: 0.134 	Buy signal: 0.858 	Sell signal: 0.007995
[11/11/2021 23:19:59.485 train.py:110] Buy: $1174.17
[11/11/2021 23:19:59.531 train.py: 94] Step: 55	Hold signal: 0.1228 	Buy signal: 0.8701 	Sell signal: 0.007073
[11/11/2021 23:19:59.531 train.py: 95] 		'Hold' is an exploration.
[11/11/2021 23:19:59.577 train.py: 94] Step: 56	Hold signal: 0.1262 	Buy signal: 0.8667 	Sell signal: 0.007138
[11/11/2021 23:19:59.577 train.py: 95] 		'Sell' is an exploration.
[11/11/2021 23:19:59.577 train.py:110] Sell: $1165.73 | Profit: $27.23
[11/11/2021 23:19:59.624 train.py: 94] Step: 57	Hold signal: 0.1315 	Buy signal: 0.8601 	Sell signal: 0.008424
[11/11/2021 23:19:59.624 train.py: 95] 		'Sell' is an exploration.
[11/11/2021 23:19:59.624 train.py:110] Sell: $1166.59 | Profit: $26.14
[11/11/2021 23:19:59.673 train.py: 94] Step: 58	Hold signal: 0.1298 	Buy signal: 0.8623 	Sell signal: 0.007871
[11/11/2021 23:19:59.673 train.py: 95] 		'Hold' is an exploration.
[11/11/2021 23:19:59.720 train.py: 94] Step: 59	Hold signal: 0.1177 	Buy signal: 0.876 	Sell signal: 0.006299
[11/11/2021 23:19:59.720 train.py: 95] 		'Sell' is an exploration.
[11/11/2021 23:19:59.720 train.py:110] Sell: $1173.27 | Profit: $27.66
[11/11/2021 23:19:59.772 train.py: 94] Step: 60	Hold signal: 0.1326 	Buy signal: 0.8578 	Sell signal: 0.009544
[11/11/2021 23:19:59.772 train.py: 95] 		'Hold' is an exploration.
[11/11/2021 23:19:59.817 train.py: 94] Step: 61	Hold signal: 0.154 	Buy signal: 0.8322 	Sell signal: 0.01373
[11/11/2021 23:19:59.817 train.py: 95] 		'Sell' is an exploration.
[11/11/2021 23:19:59.817 train.py:110] Sell: $1178.10 | Profit: $27.86
[11/11/2021 23:20:09.219 train.py:130] Episode: 1	Loss: 14357.60	Action: Sell	Reward: 207.59	Balance: 44289.23	Number of Stocks: 5
[11/11/2021 23:20:09.265 train.py: 94] Step: 62	Hold signal: 7.572e-17 	Buy signal: 1.0 	Sell signal: 8.477e-26
[11/11/2021 23:20:09.265 train.py:110] Buy: $1187.44
[11/11/2021 23:20:18.406 train.py:130] Episode: 1	Loss: 17082.59	Action: Buy	Reward: 226.43	Balance: 43101.79	Number of Stocks: 6
[11/11/2021 23:20:18.451 train.py: 94] Step: 63	Hold signal: 4.99e-17 	Buy signal: 1.0 	Sell signal: 4.045e-26
[11/11/2021 23:20:18.451 train.py: 95] 		'Hold' is an exploration.
[11/11/2021 23:20:33.528 train.py:130] Episode: 1	Loss: 18435.92	Action: Hold	Reward: 235.23	Balance: 43101.79	Number of Stocks: 6
[11/11/2021 23:20:33.618 train.py: 94] Step: 64	Hold signal: 4.649e-17 	Buy signal: 1.0 	Sell signal: 3.643e-26
[11/11/2021 23:20:33.619 train.py: 95] 		'Hold' is an exploration.
[11/11/2021 23:20:44.161 train.py:130] Episode: 1	Loss: 12446.73	Action: Hold	Reward: 193.29	Balance: 43101.79	Number of Stocks: 6
[11/11/2021 23:20:44.209 train.py: 94] Step: 65	Hold signal: 1.801e-16 	Buy signal: 1.0 	Sell signal: 3.313e-25
[11/11/2021 23:20:44.210 train.py: 95] 		'Hold' is an exploration.
[11/11/2021 23:20:53.445 train.py:130] Episode: 1	Loss: 15721.81	Action: Hold	Reward: 217.23	Balance: 43101.79	Number of Stocks: 6
[11/11/2021 23:20:53.491 train.py: 94] Step: 66	Hold signal: 3.716e-17 	Buy signal: 1.0 	Sell signal: 3.256e-26
[11/11/2021 23:20:53.491 train.py:110] Buy: $1194.37
[11/11/2021 23:21:02.685 train.py:130] Episode: 1	Loss: 23934.19	Action: Buy	Reward: 268.01	Balance: 41907.42	Number of Stocks: 7
[11/11/2021 23:21:02.731 train.py: 94] Step: 67	Hold signal: 4.122e-17 	Buy signal: 1.0 	Sell signal: 3.05e-26
[11/11/2021 23:21:02.731 train.py:110] Buy: $1196.48
[11/11/2021 23:21:12.135 train.py:130] Episode: 1	Loss: 26645.40	Action: Buy	Reward: 282.78	Balance: 40710.94	Number of Stocks: 8
[11/11/2021 23:21:12.180 train.py: 94] Step: 68	Hold signal: 2.738e-17 	Buy signal: 1.0 	Sell signal: 1.653e-26
[11/11/2021 23:21:12.180 train.py: 95] 		'Hold' is an exploration.
[11/11/2021 23:21:22.140 train.py:130] Episode: 1	Loss: 27315.79	Action: Hold	Reward: 286.31	Balance: 40710.94	Number of Stocks: 8
[11/11/2021 23:21:22.186 train.py: 94] Step: 69	Hold signal: 6.092e-17 	Buy signal: 1.0 	Sell signal: 5.537e-26
[11/11/2021 23:21:22.186 train.py: 95] 		'Hold' is an exploration.
[11/11/2021 23:21:32.343 train.py:130] Episode: 1	Loss: 51499.85	Action: Hold	Reward: 393.11	Balance: 40710.94	Number of Stocks: 8
[11/11/2021 23:21:32.397 train.py: 94] Step: 70	Hold signal: 2.511e-17 	Buy signal: 1.0 	Sell signal: 1.634e-26
[11/11/2021 23:21:32.397 train.py: 95] 		'Sell' is an exploration.
[11/11/2021 23:21:32.397 train.py:110] Sell: $1211.67 | Profit: $61.16
[11/11/2021 23:21:42.471 train.py:130] Episode: 1	Loss: 72202.30	Action: Sell	Reward: 465.46	Balance: 41922.61	Number of Stocks: 7
[11/11/2021 23:21:42.518 train.py: 94] Step: 71	Hold signal: 1.341e-17 	Buy signal: 1.0 	Sell signal: 5.337e-27
[11/11/2021 23:21:42.518 train.py:110] Buy: $1192.13
[11/11/2021 23:21:52.862 train.py:130] Episode: 1	Loss: 23846.76	Action: Buy	Reward: 267.52	Balance: 40730.48	Number of Stocks: 8
[11/11/2021 23:21:52.909 train.py: 94] Step: 72	Hold signal: 3.701e-17 	Buy signal: 1.0 	Sell signal: 2.842e-26
[11/11/2021 23:21:52.909 train.py: 95] 		'Hold' is an exploration.
[11/11/2021 23:22:04.201 train.py:130] Episode: 1	Loss: 31531.64	Action: Hold	Reward: 307.61	Balance: 40730.48	Number of Stocks: 8
[11/11/2021 23:22:04.254 train.py: 94] Step: 73	Hold signal: 5.31e-17 	Buy signal: 1.0 	Sell signal: 5.032e-26
[11/11/2021 23:22:04.255 train.py: 95] 		'Sell' is an exploration.
[11/11/2021 23:22:04.255 train.py:110] Sell: $1207.17 | Profit: $41.34
[11/11/2021 23:22:15.567 train.py:130] Episode: 1	Loss: 61384.34	Action: Sell	Reward: 429.18	Balance: 41937.65	Number of Stocks: 7
[11/11/2021 23:22:15.668 train.py: 94] Step: 74	Hold signal: 5.29e-17 	Buy signal: 1.0 	Sell signal: 4.61e-26
[11/11/2021 23:22:15.668 train.py:110] Buy: $1205.94
[11/11/2021 23:22:25.882 train.py:130] Episode: 1	Loss: 47925.76	Action: Buy	Reward: 379.23	Balance: 40731.71	Number of Stocks: 8
[11/11/2021 23:22:25.958 train.py: 94] Step: 75	Hold signal: 1.251e-17 	Buy signal: 1.0 	Sell signal: 5.035e-27
[11/11/2021 23:22:25.958 train.py: 95] 		'Sell' is an exploration.
[11/11/2021 23:22:25.958 train.py:110] Sell: $1208.67 | Profit: $48.77
[11/11/2021 23:22:37.194 train.py:130] Episode: 1	Loss: 67437.20	Action: Sell	Reward: 449.84	Balance: 41940.38	Number of Stocks: 7
[11/11/2021 23:22:37.239 train.py: 94] Step: 76	Hold signal: 3.056e-17 	Buy signal: 1.0 	Sell signal: 1.971e-26
[11/11/2021 23:22:37.239 train.py:110] Buy: $1217.28
[11/11/2021 23:22:46.872 train.py:130] Episode: 1	Loss: 70929.63	Action: Buy	Reward: 461.34	Balance: 40723.10	Number of Stocks: 8
[11/11/2021 23:22:46.930 train.py: 94] Step: 77	Hold signal: 2.692e-17 	Buy signal: 1.0 	Sell signal: 1.638e-26
[11/11/2021 23:22:46.930 train.py: 95] 		'Sell' is an exploration.
[11/11/2021 23:22:46.930 train.py:110] Sell: $1212.05 | Profit: $46.24
[11/11/2021 23:22:59.111 train.py:130] Episode: 1	Loss: 72289.25	Action: Sell	Reward: 465.74	Balance: 41935.15	Number of Stocks: 7
[11/11/2021 23:22:59.162 train.py: 94] Step: 78	Hold signal: 2.427e-17 	Buy signal: 1.0 	Sell signal: 1.472e-26
[11/11/2021 23:22:59.163 train.py:110] Buy: $1183.71
[11/11/2021 23:23:09.238 train.py:130] Episode: 1	Loss: 16290.65	Action: Buy	Reward: 221.12	Balance: 40751.44	Number of Stocks: 8
[11/11/2021 23:23:09.302 train.py: 94] Step: 79	Hold signal: 9.453e-17 	Buy signal: 1.0 	Sell signal: 1.248e-25
[11/11/2021 23:23:09.303 train.py: 95] 		'Sell' is an exploration.
[11/11/2021 23:23:09.303 train.py:110] Sell: $1191.36 | Profit: $17.19
[11/11/2021 23:23:19.237 train.py:130] Episode: 1	Loss: 29892.12	Action: Sell	Reward: 299.51	Balance: 41942.80	Number of Stocks: 7
[11/11/2021 23:23:19.281 train.py: 94] Step: 80	Hold signal: 1.417e-16 	Buy signal: 1.0 	Sell signal: 2.35e-25
[11/11/2021 23:23:19.281 train.py:110] Buy: $1206.78
[11/11/2021 23:23:28.018 train.py:130] Episode: 1	Loss: 50754.75	Action: Buy	Reward: 390.26	Balance: 40736.02	Number of Stocks: 8
[11/11/2021 23:23:28.062 train.py: 94] Step: 81	Hold signal: 5.389e-17 	Buy signal: 1.0 	Sell signal: 4.652e-26
[11/11/2021 23:23:28.063 train.py: 95] 		'Sell' is an exploration.
[11/11/2021 23:23:28.063 train.py:110] Sell: $1186.69 | Profit: $-0.75
[11/11/2021 23:23:36.937 train.py:130] Episode: 1	Loss: 17440.63	Action: Sell	Reward: 228.79	Balance: 41922.71	Number of Stocks: 7
[11/11/2021 23:23:36.997 train.py: 94] Step: 82	Hold signal: 4.949e-17 	Buy signal: 1.0 	Sell signal: 3.948e-26
[11/11/2021 23:23:36.997 train.py: 95] 		'Sell' is an exploration.
[11/11/2021 23:23:36.997 train.py:110] Sell: $1202.26 | Profit: $7.89
[11/11/2021 23:23:48.052 train.py:130] Episode: 1	Loss: 39990.79	Action: Sell	Reward: 346.42	Balance: 43124.97	Number of Stocks: 6
[11/11/2021 23:23:48.097 train.py: 94] Step: 83	Hold signal: 5.935e-17 	Buy signal: 1.0 	Sell signal: 5.814e-26
[11/11/2021 23:23:48.097 train.py:110] Buy: $1173.60
[11/11/2021 23:23:57.827 train.py:130] Episode: 1	Loss: 9242.98	Action: Buy	Reward: 166.57	Balance: 41951.37	Number of Stocks: 7
[11/11/2021 23:23:57.893 train.py: 94] Step: 84	Hold signal: 9.704e-17 	Buy signal: 1.0 	Sell signal: 1.243e-25
[11/11/2021 23:23:57.893 train.py:110] Buy: $1165.87
[11/11/2021 23:24:09.030 train.py:130] Episode: 1	Loss: 4212.02	Action: Buy	Reward: 112.46	Balance: 40785.50	Number of Stocks: 8
[11/11/2021 23:24:09.077 train.py: 94] Step: 85	Hold signal: 5.319e-17 	Buy signal: 1.0 	Sell signal: 5.201e-26
[11/11/2021 23:24:09.077 train.py:110] Buy: $1128.15
[11/11/2021 23:24:19.070 train.py:130] Episode: 1	Loss: 11951.09	Action: Buy	Reward: -189.30	Balance: 39657.35	Number of Stocks: 9
[11/11/2021 23:24:19.117 train.py: 94] Step: 86	Hold signal: 8.333e-16 	Buy signal: 1.0 	Sell signal: 3.218e-24
[11/11/2021 23:24:19.117 train.py: 95] 		'Sell' is an exploration.
[11/11/2021 23:24:19.117 train.py:110] Sell: $1110.88 | Profit: $-85.60
[11/11/2021 23:24:28.806 train.py:130] Episode: 1	Loss: 61742.23	Action: Sell	Reward: -430.33	Balance: 40768.23	Number of Stocks: 8
[11/11/2021 23:24:28.869 train.py: 94] Step: 87	Hold signal: 7.235e-16 	Buy signal: 1.0 	Sell signal: 2.965e-24
[11/11/2021 23:24:28.870 train.py: 95] 		'Hold' is an exploration.
[11/11/2021 23:24:39.386 train.py:130] Episode: 1	Loss: 616.04	Action: Hold	Reward: 43.04	Balance: 40768.23	Number of Stocks: 8
[11/11/2021 23:24:39.433 train.py: 94] Step: 88	Hold signal: 2.338e-16 	Buy signal: 1.0 	Sell signal: 4.23e-25
[11/11/2021 23:24:39.433 train.py: 95] 		'Sell' is an exploration.
[11/11/2021 23:24:39.433 train.py:110] Sell: $1155.79 | Profit: $-36.34
